2019-02-15 17:37:41.263  INFO [-,,,] 16644 --- [restartedMain] s.c.a.AnnotationConfigApplicationContext : Refreshing org.springframework.context.annotation.AnnotationConfigApplicationContext@761a6a95: startup date [Fri Feb 15 17:37:41 CET 2019]; root of context hierarchy
2019-02-15 17:37:41.284  INFO [-,,,] 16644 --- [restartedMain] f.a.AutowiredAnnotationBeanPostProcessor : JSR-330 'javax.inject.Inject' annotation found and supported for autowiring
2019-02-15 17:37:41.285  INFO [-,,,] 16644 --- [restartedMain] trationDelegate$BeanPostProcessorChecker : Bean 'configurationPropertiesRebinderAutoConfiguration' of type [org.springframework.cloud.autoconfigure.ConfigurationPropertiesRebinderAutoConfiguration$$EnhancerBySpringCGLIB$$d1ccaaa7] is not eligible for getting processed by all BeanPostProcessors (for example: not eligible for auto-proxying)
2019-02-15 17:37:41.738  INFO [-,,,] 16644 --- [restartedMain] .HelloSpringCloudEurekaServerApplication : No active profile set, falling back to default profiles: default
2019-02-15 17:37:41.740  INFO [-,,,] 16644 --- [restartedMain] ConfigServletWebServerApplicationContext : Refreshing org.springframework.boot.web.servlet.context.AnnotationConfigServletWebServerApplicationContext@34227543: startup date [Fri Feb 15 17:37:41 CET 2019]; parent: org.springframework.context.annotation.AnnotationConfigApplicationContext@761a6a95
2019-02-15 17:37:42.919  INFO [-,,,] 16644 --- [restartedMain] o.s.b.f.s.DefaultListableBeanFactory     : Overriding bean definition for bean 'dataSource' with a different definition: replacing [Root bean: class [null]; scope=refresh; abstract=false; lazyInit=false; autowireMode=3; dependencyCheck=0; autowireCandidate=false; primary=false; factoryBeanName=org.springframework.boot.autoconfigure.jdbc.DataSourceConfiguration$Hikari; factoryMethodName=dataSource; initMethodName=null; destroyMethodName=(inferred); defined in class path resource [org/springframework/boot/autoconfigure/jdbc/DataSourceConfiguration$Hikari.class]] with [Root bean: class [org.springframework.aop.scope.ScopedProxyFactoryBean]; scope=; abstract=false; lazyInit=false; autowireMode=0; dependencyCheck=0; autowireCandidate=true; primary=false; factoryBeanName=null; factoryMethodName=null; initMethodName=null; destroyMethodName=null; defined in BeanDefinition defined in class path resource [org/springframework/boot/autoconfigure/jdbc/DataSourceConfiguration$Hikari.class]]
2019-02-15 17:37:42.986  INFO [-,,,] 16644 --- [restartedMain] o.s.cloud.context.scope.GenericScope     : BeanFactory id=324920b3-9543-3664-94ca-a4a8d661fd9b
2019-02-15 17:37:43.002  INFO [-,,,] 16644 --- [restartedMain] f.a.AutowiredAnnotationBeanPostProcessor : JSR-330 'javax.inject.Inject' annotation found and supported for autowiring
2019-02-15 17:37:43.114  INFO [-,,,] 16644 --- [restartedMain] trationDelegate$BeanPostProcessorChecker : Bean 'org.springframework.transaction.annotation.ProxyTransactionManagementConfiguration' of type [org.springframework.transaction.annotation.ProxyTransactionManagementConfiguration$$EnhancerBySpringCGLIB$$b5b2a7aa] is not eligible for getting processed by all BeanPostProcessors (for example: not eligible for auto-proxying)
2019-02-15 17:37:43.137  INFO [-,,,] 16644 --- [restartedMain] trationDelegate$BeanPostProcessorChecker : Bean 'org.springframework.hateoas.config.HateoasConfiguration' of type [org.springframework.hateoas.config.HateoasConfiguration$$EnhancerBySpringCGLIB$$3532f4dc] is not eligible for getting processed by all BeanPostProcessors (for example: not eligible for auto-proxying)
2019-02-15 17:37:43.144  INFO [-,,,] 16644 --- [restartedMain] trationDelegate$BeanPostProcessorChecker : Bean 'org.springframework.cloud.autoconfigure.ConfigurationPropertiesRebinderAutoConfiguration' of type [org.springframework.cloud.autoconfigure.ConfigurationPropertiesRebinderAutoConfiguration$$EnhancerBySpringCGLIB$$d1ccaaa7] is not eligible for getting processed by all BeanPostProcessors (for example: not eligible for auto-proxying)
2019-02-15 17:37:43.739  INFO [-,,,] 16644 --- [restartedMain] o.s.b.w.embedded.tomcat.TomcatWebServer  : Tomcat initialized with port(s): 8761 (http)
2019-02-15 17:37:43.740  INFO [-,,,] 16644 --- [restartedMain] o.apache.catalina.core.StandardService   : Starting service [Tomcat]
2019-02-15 17:37:43.740  INFO [-,,,] 16644 --- [restartedMain] org.apache.catalina.core.StandardEngine  : Starting Servlet Engine: Apache Tomcat/8.5.34
2019-02-15 17:37:43.780  INFO [-,,,] 16644 --- [localhost-startStop-1] o.a.c.c.C.[Tomcat].[localhost].[/]       : Initializing Spring embedded WebApplicationContext
2019-02-15 17:37:43.781  INFO [-,,,] 16644 --- [localhost-startStop-1] o.s.web.context.ContextLoader            : Root WebApplicationContext: initialization completed in 2041 ms
2019-02-15 17:37:45.532  INFO [-,,,] 16644 --- [localhost-startStop-1] o.s.b.w.servlet.FilterRegistrationBean   : Mapping filter: 'characterEncodingFilter' to: [/*]
2019-02-15 17:37:45.532  INFO [-,,,] 16644 --- [localhost-startStop-1] o.s.b.w.servlet.FilterRegistrationBean   : Mapping filter: 'webMvcMetricsFilter' to: [/*]
2019-02-15 17:37:45.532  INFO [-,,,] 16644 --- [localhost-startStop-1] o.s.b.w.servlet.FilterRegistrationBean   : Mapping filter: 'tracingFilter' to: [/*]
2019-02-15 17:37:45.533  INFO [-,,,] 16644 --- [localhost-startStop-1] o.s.b.w.servlet.FilterRegistrationBean   : Mapping filter: 'exceptionLoggingFilter' to: [/*]
2019-02-15 17:37:45.533  INFO [-,,,] 16644 --- [localhost-startStop-1] o.s.b.w.servlet.FilterRegistrationBean   : Mapping filter: 'hiddenHttpMethodFilter' to: [/*]
2019-02-15 17:37:45.533  INFO [-,,,] 16644 --- [localhost-startStop-1] o.s.b.w.servlet.FilterRegistrationBean   : Mapping filter: 'httpPutFormContentFilter' to: [/*]
2019-02-15 17:37:45.533  INFO [-,,,] 16644 --- [localhost-startStop-1] o.s.b.w.servlet.FilterRegistrationBean   : Mapping filter: 'requestContextFilter' to: [/*]
2019-02-15 17:37:45.533  INFO [-,,,] 16644 --- [localhost-startStop-1] o.s.b.w.servlet.FilterRegistrationBean   : Mapping filter: 'httpTraceFilter' to: [/*]
2019-02-15 17:37:45.533  INFO [-,,,] 16644 --- [localhost-startStop-1] o.s.b.w.servlet.FilterRegistrationBean   : Mapping filter: 'servletContainer' to urls: [/eureka/*]
2019-02-15 17:37:45.533  INFO [-,,,] 16644 --- [localhost-startStop-1] o.s.b.w.servlet.ServletRegistrationBean  : Servlet dispatcherServlet mapped to [/]
2019-02-15 17:37:45.537  INFO [-,,,] 16644 --- [localhost-startStop-1] c.s.j.s.i.a.WebApplicationImpl           : Initiating Jersey application, version 'Jersey: 1.19.1 03/11/2016 02:08 PM'
2019-02-15 17:37:45.546  INFO [-,,,] 16644 --- [localhost-startStop-1] c.n.d.provider.DiscoveryJerseyProvider   : Using JSON encoding codec LegacyJacksonJson
2019-02-15 17:37:45.546  INFO [-,,,] 16644 --- [localhost-startStop-1] c.n.d.provider.DiscoveryJerseyProvider   : Using JSON decoding codec LegacyJacksonJson
2019-02-15 17:37:45.546  INFO [-,,,] 16644 --- [localhost-startStop-1] c.n.d.provider.DiscoveryJerseyProvider   : Using XML encoding codec XStreamXml
2019-02-15 17:37:45.546  INFO [-,,,] 16644 --- [localhost-startStop-1] c.n.d.provider.DiscoveryJerseyProvider   : Using XML decoding codec XStreamXml
2019-02-15 17:37:45.733  INFO [-,,,] 16644 --- [restartedMain] com.zaxxer.hikari.HikariDataSource       : HikariPool-9 - Starting...
2019-02-15 17:37:45.739  INFO [-,,,] 16644 --- [restartedMain] com.zaxxer.hikari.HikariDataSource       : HikariPool-9 - Start completed.
2019-02-15 17:37:45.751  INFO [-,,,] 16644 --- [restartedMain] j.LocalContainerEntityManagerFactoryBean : Building JPA container EntityManagerFactory for persistence unit 'default'
2019-02-15 17:37:45.751  INFO [-,,,] 16644 --- [restartedMain] o.hibernate.jpa.internal.util.LogHelper  : HHH000204: Processing PersistenceUnitInfo [
	name: default
	...]
2019-02-15 17:37:45.761  INFO [-,,,] 16644 --- [restartedMain] org.hibernate.dialect.Dialect            : HHH000400: Using dialect: org.hibernate.dialect.MySQL5Dialect
2019-02-15 17:37:45.808  INFO [-,,,] 16644 --- [restartedMain] j.LocalContainerEntityManagerFactoryBean : Initialized JPA EntityManagerFactory for persistence unit 'default'
2019-02-15 17:37:45.875  WARN [-,,,] 16644 --- [restartedMain] c.n.c.sources.URLConfigurationSource     : No URLs will be polled as dynamic configuration sources.
2019-02-15 17:37:45.876  INFO [-,,,] 16644 --- [restartedMain] c.n.c.sources.URLConfigurationSource     : To enable URLs as dynamic configuration sources, define System property archaius.configurationSource.additionalUrls or make config.properties available on classpath.
2019-02-15 17:37:45.961  INFO [-,,,] 16644 --- [restartedMain] o.s.w.s.handler.SimpleUrlHandlerMapping  : Mapped URL path [/**/favicon.ico] onto handler of type [class org.springframework.web.servlet.resource.ResourceHttpRequestHandler]
2019-02-15 17:37:46.335  INFO [-,,,] 16644 --- [restartedMain] s.w.s.m.m.a.RequestMappingHandlerAdapter : Looking for @ControllerAdvice: org.springframework.boot.web.servlet.context.AnnotationConfigServletWebServerApplicationContext@34227543: startup date [Fri Feb 15 17:37:41 CET 2019]; parent: org.springframework.context.annotation.AnnotationConfigApplicationContext@761a6a95
2019-02-15 17:37:46.366  WARN [-,,,] 16644 --- [restartedMain] aWebConfiguration$JpaWebMvcConfiguration : spring.jpa.open-in-view is enabled by default. Therefore, database queries may be performed during view rendering. Explicitly configure spring.jpa.open-in-view to disable this warning
2019-02-15 17:37:46.396  INFO [-,,,] 16644 --- [restartedMain] s.w.s.m.m.a.RequestMappingHandlerMapping : Mapped "{[/error]}" onto public org.springframework.http.ResponseEntity<java.util.Map<java.lang.String, java.lang.Object>> org.springframework.boot.autoconfigure.web.servlet.error.BasicErrorController.error(javax.servlet.http.HttpServletRequest)
2019-02-15 17:37:46.396  INFO [-,,,] 16644 --- [restartedMain] s.w.s.m.m.a.RequestMappingHandlerMapping : Mapped "{[/error],produces=[text/html]}" onto public org.springframework.web.servlet.ModelAndView org.springframework.boot.autoconfigure.web.servlet.error.BasicErrorController.errorHtml(javax.servlet.http.HttpServletRequest,javax.servlet.http.HttpServletResponse)
2019-02-15 17:37:46.406  INFO [-,,,] 16644 --- [restartedMain] s.w.s.m.m.a.RequestMappingHandlerMapping : Mapped "{[/],methods=[GET]}" onto public java.lang.String org.springframework.cloud.netflix.eureka.server.EurekaController.status(javax.servlet.http.HttpServletRequest,java.util.Map<java.lang.String, java.lang.Object>)
2019-02-15 17:37:46.407  INFO [-,,,] 16644 --- [restartedMain] s.w.s.m.m.a.RequestMappingHandlerMapping : Mapped "{[/lastn],methods=[GET]}" onto public java.lang.String org.springframework.cloud.netflix.eureka.server.EurekaController.lastn(javax.servlet.http.HttpServletRequest,java.util.Map<java.lang.String, java.lang.Object>)
2019-02-15 17:37:46.443  INFO [-,,,] 16644 --- [restartedMain] o.s.w.s.handler.SimpleUrlHandlerMapping  : Mapped URL path [/webjars/**] onto handler of type [class org.springframework.web.servlet.resource.ResourceHttpRequestHandler]
2019-02-15 17:37:46.444  INFO [-,,,] 16644 --- [restartedMain] o.s.w.s.handler.SimpleUrlHandlerMapping  : Mapped URL path [/**] onto handler of type [class org.springframework.web.servlet.resource.ResourceHttpRequestHandler]
2019-02-15 17:37:46.951  INFO [-,,,] 16644 --- [restartedMain] o.s.ui.freemarker.SpringTemplateLoader   : SpringTemplateLoader for FreeMarker: using resource loader [org.springframework.boot.web.servlet.context.AnnotationConfigServletWebServerApplicationContext@34227543: startup date [Fri Feb 15 17:37:41 CET 2019]; parent: org.springframework.context.annotation.AnnotationConfigApplicationContext@761a6a95] and template loader path [classpath:/templates/]
2019-02-15 17:37:46.951  INFO [-,,,] 16644 --- [restartedMain] o.s.w.s.v.f.FreeMarkerConfigurer         : ClassTemplateLoader for Spring macros added to FreeMarker configuration
2019-02-15 17:37:47.162  INFO [-,,,] 16644 --- [restartedMain] o.s.b.d.a.OptionalLiveReloadServer       : LiveReload server is running on port 35729
2019-02-15 17:37:47.733  INFO [-,,,] 16644 --- [restartedMain] o.s.c.n.eureka.InstanceInfoFactory       : Setting initial instance status as: STARTING
2019-02-15 17:37:47.736  INFO [-,,,] 16644 --- [restartedMain] com.netflix.discovery.DiscoveryClient    : Initializing Eureka in region us-east-1
2019-02-15 17:37:47.736  INFO [-,,,] 16644 --- [restartedMain] com.netflix.discovery.DiscoveryClient    : Client configured to neither register nor query for data.
2019-02-15 17:37:47.736  INFO [-,,,] 16644 --- [restartedMain] com.netflix.discovery.DiscoveryClient    : Discovery Client initialized at timestamp 1550248667736 with initial instances count: 0
2019-02-15 17:37:47.766  INFO [-,,,] 16644 --- [restartedMain] c.n.eureka.DefaultEurekaServerContext    : Initializing ...
2019-02-15 17:37:47.766  INFO [-,,,] 16644 --- [restartedMain] c.n.eureka.cluster.PeerEurekaNodes       : Adding new peer nodes [http://localhost:8761/eureka/]
2019-02-15 17:37:47.768  INFO [-,,,] 16644 --- [restartedMain] c.n.d.provider.DiscoveryJerseyProvider   : Using JSON encoding codec LegacyJacksonJson
2019-02-15 17:37:47.768  INFO [-,,,] 16644 --- [restartedMain] c.n.d.provider.DiscoveryJerseyProvider   : Using JSON decoding codec LegacyJacksonJson
2019-02-15 17:37:47.768  INFO [-,,,] 16644 --- [restartedMain] c.n.d.provider.DiscoveryJerseyProvider   : Using XML encoding codec XStreamXml
2019-02-15 17:37:47.768  INFO [-,,,] 16644 --- [restartedMain] c.n.d.provider.DiscoveryJerseyProvider   : Using XML decoding codec XStreamXml
2019-02-15 17:37:47.848  INFO [-,,,] 16644 --- [restartedMain] c.n.eureka.cluster.PeerEurekaNodes       : Replica node URL:  http://localhost:8761/eureka/
2019-02-15 17:37:47.850  INFO [-,,,] 16644 --- [restartedMain] c.n.e.registry.AbstractInstanceRegistry  : Finished initializing remote region registries. All known remote regions: []
2019-02-15 17:37:47.851  INFO [-,,,] 16644 --- [restartedMain] c.n.eureka.DefaultEurekaServerContext    : Initialized
2019-02-15 17:37:47.925  INFO [-,,,] 16644 --- [restartedMain] o.s.b.a.e.web.EndpointLinksResolver      : Exposing 2 endpoint(s) beneath base path '/actuator'
2019-02-15 17:37:47.929  INFO [-,,,] 16644 --- [restartedMain] s.b.a.e.w.s.WebMvcEndpointHandlerMapping : Mapped "{[/actuator/health],methods=[GET],produces=[application/vnd.spring-boot.actuator.v2+json || application/json]}" onto public java.lang.Object org.springframework.boot.actuate.endpoint.web.servlet.AbstractWebMvcEndpointHandlerMapping$OperationHandler.handle(javax.servlet.http.HttpServletRequest,java.util.Map<java.lang.String, java.lang.String>)
2019-02-15 17:37:47.929  INFO [-,,,] 16644 --- [restartedMain] s.b.a.e.w.s.WebMvcEndpointHandlerMapping : Mapped "{[/actuator/info],methods=[GET],produces=[application/vnd.spring-boot.actuator.v2+json || application/json]}" onto public java.lang.Object org.springframework.boot.actuate.endpoint.web.servlet.AbstractWebMvcEndpointHandlerMapping$OperationHandler.handle(javax.servlet.http.HttpServletRequest,java.util.Map<java.lang.String, java.lang.String>)
2019-02-15 17:37:47.929  INFO [-,,,] 16644 --- [restartedMain] s.b.a.e.w.s.WebMvcEndpointHandlerMapping : Mapped "{[/actuator],methods=[GET],produces=[application/vnd.spring-boot.actuator.v2+json || application/json]}" onto protected java.util.Map<java.lang.String, java.util.Map<java.lang.String, org.springframework.boot.actuate.endpoint.web.Link>> org.springframework.boot.actuate.endpoint.web.servlet.WebMvcEndpointHandlerMapping.links(javax.servlet.http.HttpServletRequest,javax.servlet.http.HttpServletResponse)
2019-02-15 17:37:48.006  INFO [-,,,] 16644 --- [restartedMain] o.s.j.e.a.AnnotationMBeanExporter        : Registering beans for JMX exposure on startup
2019-02-15 17:37:48.006  INFO [-,,,] 16644 --- [restartedMain] o.s.j.e.a.AnnotationMBeanExporter        : Bean with name 'dataSource' has been autodetected for JMX exposure
2019-02-15 17:37:48.010  INFO [-,,,] 16644 --- [restartedMain] o.s.j.e.a.AnnotationMBeanExporter        : Bean with name 'environmentManager' has been autodetected for JMX exposure
2019-02-15 17:37:48.011  INFO [-,,,] 16644 --- [restartedMain] o.s.j.e.a.AnnotationMBeanExporter        : Bean with name 'refreshScope' has been autodetected for JMX exposure
2019-02-15 17:37:48.013  INFO [-,,,] 16644 --- [restartedMain] o.s.j.e.a.AnnotationMBeanExporter        : Bean with name 'configurationPropertiesRebinder' has been autodetected for JMX exposure
2019-02-15 17:37:48.017  INFO [-,,,] 16644 --- [restartedMain] o.s.j.e.a.AnnotationMBeanExporter        : Located managed bean 'environmentManager': registering with JMX server as MBean [org.springframework.cloud.context.environment:name=environmentManager,type=EnvironmentManager]
2019-02-15 17:37:48.021  INFO [-,,,] 16644 --- [restartedMain] o.s.j.e.a.AnnotationMBeanExporter        : Located managed bean 'refreshScope': registering with JMX server as MBean [org.springframework.cloud.context.scope.refresh:name=refreshScope,type=RefreshScope]
2019-02-15 17:37:48.024  INFO [-,,,] 16644 --- [restartedMain] o.s.j.e.a.AnnotationMBeanExporter        : Located managed bean 'configurationPropertiesRebinder': registering with JMX server as MBean [org.springframework.cloud.context.properties:name=configurationPropertiesRebinder,context=34227543,type=ConfigurationPropertiesRebinder]
2019-02-15 17:37:48.028  INFO [-,,,] 16644 --- [restartedMain] o.s.j.e.a.AnnotationMBeanExporter        : Located MBean 'dataSource': registering with JMX server as MBean [com.zaxxer.hikari:name=dataSource,type=HikariDataSource]
2019-02-15 17:37:48.039  INFO [-,,,] 16644 --- [restartedMain] o.s.c.support.DefaultLifecycleProcessor  : Starting beans in phase 0
2019-02-15 17:37:48.048  INFO [-,,,] 16644 --- [restartedMain] o.s.c.n.e.s.EurekaServiceRegistry        : Registering application hello-eureka-server with eureka with status UP
2019-02-15 17:37:48.052  INFO [-,,,] 16644 --- [Thread-184] o.s.c.n.e.server.EurekaServerBootstrap   : Setting the eureka configuration..
2019-02-15 17:37:48.052  INFO [-,,,] 16644 --- [Thread-184] o.s.c.n.e.server.EurekaServerBootstrap   : Eureka data center value eureka.datacenter is not set, defaulting to default
2019-02-15 17:37:48.052  INFO [-,,,] 16644 --- [Thread-184] o.s.c.n.e.server.EurekaServerBootstrap   : Eureka environment value eureka.environment is not set, defaulting to test
2019-02-15 17:37:48.052  INFO [-,,,] 16644 --- [Thread-184] o.s.c.n.e.server.EurekaServerBootstrap   : isAws returned false
2019-02-15 17:37:48.052  INFO [-,,,] 16644 --- [Thread-184] o.s.c.n.e.server.EurekaServerBootstrap   : Initialized server context
2019-02-15 17:37:48.052  INFO [-,,,] 16644 --- [Thread-184] c.n.e.r.PeerAwareInstanceRegistryImpl    : Got 1 instances from neighboring DS node
2019-02-15 17:37:48.053  INFO [-,,,] 16644 --- [Thread-184] c.n.e.r.PeerAwareInstanceRegistryImpl    : Renew threshold is: 1
2019-02-15 17:37:48.053  INFO [-,,,] 16644 --- [Thread-184] c.n.e.r.PeerAwareInstanceRegistryImpl    : Changing status to UP
2019-02-15 17:37:48.058  INFO [-,,,] 16644 --- [Thread-184] e.s.EurekaServerInitializerConfiguration : Started Eureka Server
2019-02-15 17:37:48.078  INFO [-,,,] 16644 --- [restartedMain] o.s.b.w.embedded.tomcat.TomcatWebServer  : Tomcat started on port(s): 8761 (http) with context path ''
2019-02-15 17:37:48.080  INFO [-,,,] 16644 --- [restartedMain] .s.c.n.e.s.EurekaAutoServiceRegistration : Updating port to 8761
2019-02-15 17:37:48.081  INFO [-,,,] 16644 --- [restartedMain] .HelloSpringCloudEurekaServerApplication : Started HelloSpringCloudEurekaServerApplication in 7.388 seconds (JVM running for 683.024)
2019-02-15 17:37:48.103  INFO [-,,,] 16644 --- [restartedMain] .ConditionEvaluationDeltaLoggingListener : Condition evaluation unchanged
2019-02-15 17:38:48.053  INFO [-,,,] 16644 --- [Eureka-EvictionTimer] c.n.e.registry.AbstractInstanceRegistry  : Running the evict task with compensationTime 0ms
2019-02-15 17:39:48.056  INFO [-,,,] 16644 --- [Eureka-EvictionTimer] c.n.e.registry.AbstractInstanceRegistry  : Running the evict task with compensationTime 4ms
2019-02-15 17:40:06.916  INFO [-,,,] 16644 --- [http-nio-8761-exec-2] o.a.c.c.C.[Tomcat].[localhost].[/]       : Initializing Spring FrameworkServlet 'dispatcherServlet'
2019-02-15 17:40:06.916  INFO [-,,,] 16644 --- [http-nio-8761-exec-2] o.s.web.servlet.DispatcherServlet        : FrameworkServlet 'dispatcherServlet': initialization started
2019-02-15 17:40:06.990  INFO [-,,,] 16644 --- [http-nio-8761-exec-2] o.s.web.servlet.DispatcherServlet        : FrameworkServlet 'dispatcherServlet': initialization completed in 73 ms
2019-02-15 17:40:10.872  INFO [-,e839fd05bc8da384,e839fd05bc8da384,false] 16644 --- [http-nio-8761-exec-5] c.n.e.registry.AbstractInstanceRegistry  : Registered instance HELLO-RIBBON-EUREKA-CLIENT/DESKTOP-KTOV11S:hello-ribbon-eureka-client:9090 with status UP (replication=false)
2019-02-15 17:40:11.550  INFO [-,9ffce8d9a3a8588e,9ffce8d9a3a8588e,false] 16644 --- [http-nio-8761-exec-6] c.n.e.registry.AbstractInstanceRegistry  : Registered instance HELLO-RIBBON-EUREKA-CLIENT/DESKTOP-KTOV11S:hello-ribbon-eureka-client:9090 with status UP (replication=true)
2019-02-15 17:40:14.355  INFO [-,,,] 16644 --- [AsyncReporter{org.springframework.cloud.sleuth.zipkin2.sender.RestTemplateSender@1ecd4bc6}] s.c.a.AnnotationConfigApplicationContext : Refreshing SpringClientFactory-localhost: startup date [Fri Feb 15 17:40:14 CET 2019]; parent: org.springframework.boot.web.servlet.context.AnnotationConfigServletWebServerApplicationContext@34227543
2019-02-15 17:40:14.413  INFO [-,,,] 16644 --- [AsyncReporter{org.springframework.cloud.sleuth.zipkin2.sender.RestTemplateSender@1ecd4bc6}] f.a.AutowiredAnnotationBeanPostProcessor : JSR-330 'javax.inject.Inject' annotation found and supported for autowiring
2019-02-15 17:40:14.818  INFO [-,,,] 16644 --- [AsyncReporter{org.springframework.cloud.sleuth.zipkin2.sender.RestTemplateSender@1ecd4bc6}] c.netflix.config.ChainedDynamicProperty  : Flipping property: localhost.ribbon.ActiveConnectionsLimit to use NEXT property: niws.loadbalancer.availabilityFilteringRule.activeConnectionsLimit = 2147483647
2019-02-15 17:40:14.864  INFO [-,,,] 16644 --- [AsyncReporter{org.springframework.cloud.sleuth.zipkin2.sender.RestTemplateSender@1ecd4bc6}] c.n.u.concurrent.ShutdownEnabledTimer    : Shutdown hook installed for: NFLoadBalancer-PingTimer-localhost
2019-02-15 17:40:14.873  INFO [-,,,] 16644 --- [AsyncReporter{org.springframework.cloud.sleuth.zipkin2.sender.RestTemplateSender@1ecd4bc6}] c.netflix.loadbalancer.BaseLoadBalancer  : Client: localhost instantiated a LoadBalancer: DynamicServerListLoadBalancer:{NFLoadBalancer:name=localhost,current list of Servers=[],Load balancer stats=Zone stats: {},Server stats: []}ServerList:null
2019-02-15 17:40:14.888  INFO [-,,,] 16644 --- [AsyncReporter{org.springframework.cloud.sleuth.zipkin2.sender.RestTemplateSender@1ecd4bc6}] c.n.l.DynamicServerListLoadBalancer      : Using serverListUpdater PollingServerListUpdater
2019-02-15 17:40:14.897  INFO [-,,,] 16644 --- [AsyncReporter{org.springframework.cloud.sleuth.zipkin2.sender.RestTemplateSender@1ecd4bc6}] c.n.l.DynamicServerListLoadBalancer      : DynamicServerListLoadBalancer for client localhost initialized: DynamicServerListLoadBalancer:{NFLoadBalancer:name=localhost,current list of Servers=[],Load balancer stats=Zone stats: {},Server stats: []}ServerList:org.springframework.cloud.netflix.ribbon.eureka.DomainExtractingServerList@575afa6d
2019-02-15 17:40:48.056  INFO [-,,,] 16644 --- [Eureka-EvictionTimer] c.n.e.registry.AbstractInstanceRegistry  : Running the evict task with compensationTime 0ms
2019-02-15 17:40:51.109  INFO [-,f87e47e04a9e39d5,f87e47e04a9e39d5,true] 16644 --- [http-nio-8761-exec-1] c.n.e.registry.AbstractInstanceRegistry  : Cancelled instance HELLO-RIBBON-EUREKA-CLIENT/DESKTOP-KTOV11S:hello-ribbon-eureka-client:9090 (replication=false)
2019-02-15 17:40:51.167  INFO [-,c76c3b630b174a2c,c76c3b630b174a2c,false] 16644 --- [http-nio-8761-exec-7] c.n.e.registry.AbstractInstanceRegistry  : Registered instance HELLO-RIBBON-EUREKA-CLIENT/DESKTOP-KTOV11S:hello-ribbon-eureka-client:9090 with status UP (replication=false)
2019-02-15 17:40:51.683  INFO [-,831ce6615cc6f054,831ce6615cc6f054,false] 16644 --- [http-nio-8761-exec-10] c.n.e.registry.AbstractInstanceRegistry  : Registered instance HELLO-RIBBON-EUREKA-CLIENT/DESKTOP-KTOV11S:hello-ribbon-eureka-client:9090 with status UP (replication=true)
2019-02-15 17:40:51.684  INFO [-,831ce6615cc6f054,831ce6615cc6f054,false] 16644 --- [http-nio-8761-exec-10] c.n.e.registry.AbstractInstanceRegistry  : Cancelled instance HELLO-RIBBON-EUREKA-CLIENT/DESKTOP-KTOV11S:hello-ribbon-eureka-client:9090 (replication=true)
2019-02-15 17:41:48.057  INFO [-,,,] 16644 --- [Eureka-EvictionTimer] c.n.e.registry.AbstractInstanceRegistry  : Running the evict task with compensationTime 0ms
2019-02-15 17:41:48.702 ERROR [-,,,] 16644 --- [ReplicaAwareInstanceRegistry - RenewalThresholdUpdater] c.n.e.r.PeerAwareInstanceRegistryImpl    : Cannot update renewal threshold

org.springframework.beans.factory.BeanCreationException: Error creating bean with name 'org.springframework.cloud.netflix.eureka.EurekaClientAutoConfiguration': Unexpected exception during bean creation; nested exception is org.springframework.beans.factory.NoSuchBeanDefinitionException: No qualifying bean of type 'org.springframework.core.env.ConfigurableEnvironment' available: expected at least 1 bean which qualifies as autowire candidate. Dependency annotations: {}
	at org.springframework.beans.factory.support.AbstractAutowireCapableBeanFactory.createBean(AbstractAutowireCapableBeanFactory.java:508)
	at org.springframework.beans.factory.support.AbstractBeanFactory.lambda$doGetBean$0(AbstractBeanFactory.java:317)
	at org.springframework.beans.factory.support.DefaultSingletonBeanRegistry.getSingleton(DefaultSingletonBeanRegistry.java:222)
	at org.springframework.beans.factory.support.AbstractBeanFactory.doGetBean(AbstractBeanFactory.java:315)
	at org.springframework.beans.factory.support.AbstractBeanFactory.getBean(AbstractBeanFactory.java:199)
	at org.springframework.beans.factory.support.ConstructorResolver.instantiateUsingFactoryMethod(ConstructorResolver.java:372)
	at org.springframework.beans.factory.support.AbstractAutowireCapableBeanFactory.instantiateUsingFactoryMethod(AbstractAutowireCapableBeanFactory.java:1247)
	at org.springframework.beans.factory.support.AbstractAutowireCapableBeanFactory.createBeanInstance(AbstractAutowireCapableBeanFactory.java:1096)
	at org.springframework.beans.factory.support.AbstractAutowireCapableBeanFactory.doCreateBean(AbstractAutowireCapableBeanFactory.java:535)
	at org.springframework.beans.factory.support.AbstractAutowireCapableBeanFactory.createBean(AbstractAutowireCapableBeanFactory.java:495)
	at org.springframework.beans.factory.support.AbstractBeanFactory.lambda$doGetBean$0(AbstractBeanFactory.java:317)
	at org.springframework.beans.factory.support.DefaultSingletonBeanRegistry.getSingleton(DefaultSingletonBeanRegistry.java:222)
	at org.springframework.beans.factory.support.AbstractBeanFactory.doGetBean(AbstractBeanFactory.java:315)
	at org.springframework.beans.factory.support.AbstractBeanFactory.getBean(AbstractBeanFactory.java:199)
	at org.springframework.beans.factory.config.DependencyDescriptor.resolveCandidate(DependencyDescriptor.java:251)
	at org.springframework.beans.factory.support.DefaultListableBeanFactory.doResolveDependency(DefaultListableBeanFactory.java:1135)
	at org.springframework.beans.factory.support.DefaultListableBeanFactory.resolveDependency(DefaultListableBeanFactory.java:1062)
	at org.springframework.beans.factory.support.ConstructorResolver.resolveAutowiredArgument(ConstructorResolver.java:818)
	at org.springframework.beans.factory.support.ConstructorResolver.resolvePreparedArguments(ConstructorResolver.java:767)
	at org.springframework.beans.factory.support.ConstructorResolver.instantiateUsingFactoryMethod(ConstructorResolver.java:410)
	at org.springframework.beans.factory.support.AbstractAutowireCapableBeanFactory.instantiateUsingFactoryMethod(AbstractAutowireCapableBeanFactory.java:1247)
	at org.springframework.beans.factory.support.AbstractAutowireCapableBeanFactory.createBeanInstance(AbstractAutowireCapableBeanFactory.java:1096)
	at org.springframework.beans.factory.support.AbstractAutowireCapableBeanFactory.doCreateBean(AbstractAutowireCapableBeanFactory.java:535)
	at org.springframework.beans.factory.support.AbstractAutowireCapableBeanFactory.createBean(AbstractAutowireCapableBeanFactory.java:495)
	at org.springframework.beans.factory.support.AbstractBeanFactory.lambda$doGetBean$1(AbstractBeanFactory.java:353)
	at org.springframework.cloud.context.scope.GenericScope$BeanLifecycleWrapper.getBean(GenericScope.java:390)
	at org.springframework.cloud.context.scope.GenericScope.get(GenericScope.java:184)
	at org.springframework.beans.factory.support.AbstractBeanFactory.doGetBean(AbstractBeanFactory.java:350)
	at org.springframework.beans.factory.support.AbstractBeanFactory.getBean(AbstractBeanFactory.java:199)
	at org.springframework.aop.target.SimpleBeanTargetSource.getTarget(SimpleBeanTargetSource.java:35)
	at org.springframework.aop.framework.JdkDynamicAopProxy.invoke(JdkDynamicAopProxy.java:193)
	at com.sun.proxy.$Proxy122.getApplications(Unknown Source)
	at com.netflix.eureka.registry.PeerAwareInstanceRegistryImpl.updateRenewalThreshold(PeerAwareInstanceRegistryImpl.java:523)
	at com.netflix.eureka.registry.PeerAwareInstanceRegistryImpl.access$000(PeerAwareInstanceRegistryImpl.java:92)
	at com.netflix.eureka.registry.PeerAwareInstanceRegistryImpl$2.run(PeerAwareInstanceRegistryImpl.java:194)
	at java.util.TimerThread.mainLoop(Unknown Source)
	at java.util.TimerThread.run(Unknown Source)
Caused by: org.springframework.beans.factory.NoSuchBeanDefinitionException: No qualifying bean of type 'org.springframework.core.env.ConfigurableEnvironment' available: expected at least 1 bean which qualifies as autowire candidate. Dependency annotations: {}
	at org.springframework.beans.factory.support.DefaultListableBeanFactory.raiseNoMatchingBeanFound(DefaultListableBeanFactory.java:1506)
	at org.springframework.beans.factory.support.DefaultListableBeanFactory.doResolveDependency(DefaultListableBeanFactory.java:1101)
	at org.springframework.beans.factory.support.DefaultListableBeanFactory.resolveDependency(DefaultListableBeanFactory.java:1062)
	at org.springframework.beans.factory.support.ConstructorResolver.resolveAutowiredArgument(ConstructorResolver.java:818)
	at org.springframework.beans.factory.support.ConstructorResolver.resolvePreparedArguments(ConstructorResolver.java:767)
	at org.springframework.beans.factory.support.ConstructorResolver.autowireConstructor(ConstructorResolver.java:136)
	at org.springframework.beans.factory.support.AbstractAutowireCapableBeanFactory.autowireConstructor(AbstractAutowireCapableBeanFactory.java:1267)
	at org.springframework.beans.factory.support.AbstractAutowireCapableBeanFactory.createBeanInstance(AbstractAutowireCapableBeanFactory.java:1112)
	at org.springframework.beans.factory.support.AbstractAutowireCapableBeanFactory.doCreateBean(AbstractAutowireCapableBeanFactory.java:535)
	at org.springframework.beans.factory.support.AbstractAutowireCapableBeanFactory.createBean(AbstractAutowireCapableBeanFactory.java:495)
	... 36 common frames omitted

2019-02-15 17:41:52.708  INFO [-,0d357f1197cd948a,0d357f1197cd948a,false] 16644 --- [http-nio-8761-exec-9] c.n.e.registry.AbstractInstanceRegistry  : Registered instance HELLO-RIBBON-EUREKA-CLIENT/DESKTOP-KTOV11S:hello-ribbon-eureka-client:9090 with status UP (replication=false)
2019-02-15 17:41:53.219  INFO [-,717d7daff11fbf67,717d7daff11fbf67,false] 16644 --- [http-nio-8761-exec-8] c.n.e.registry.AbstractInstanceRegistry  : Registered instance HELLO-RIBBON-EUREKA-CLIENT/DESKTOP-KTOV11S:hello-ribbon-eureka-client:9090 with status UP (replication=true)
2019-02-15 17:42:48.058  INFO [-,,,] 16644 --- [Eureka-EvictionTimer] c.n.e.registry.AbstractInstanceRegistry  : Running the evict task with compensationTime 0ms
2019-02-15 17:43:17.926 ERROR [-,,,] 16644 --- [ReplicaAwareInstanceRegistry - RenewalThresholdUpdater] c.n.e.r.PeerAwareInstanceRegistryImpl    : Cannot update renewal threshold

org.springframework.beans.factory.BeanCreationException: Error creating bean with name 'org.springframework.cloud.netflix.eureka.EurekaClientAutoConfiguration': Unexpected exception during bean creation; nested exception is org.springframework.beans.factory.NoSuchBeanDefinitionException: No qualifying bean of type 'org.springframework.core.env.ConfigurableEnvironment' available: expected at least 1 bean which qualifies as autowire candidate. Dependency annotations: {}
	at org.springframework.beans.factory.support.AbstractAutowireCapableBeanFactory.createBean(AbstractAutowireCapableBeanFactory.java:508)
	at org.springframework.beans.factory.support.AbstractBeanFactory.lambda$doGetBean$0(AbstractBeanFactory.java:317)
	at org.springframework.beans.factory.support.DefaultSingletonBeanRegistry.getSingleton(DefaultSingletonBeanRegistry.java:222)
	at org.springframework.beans.factory.support.AbstractBeanFactory.doGetBean(AbstractBeanFactory.java:315)
	at org.springframework.beans.factory.support.AbstractBeanFactory.getBean(AbstractBeanFactory.java:199)
	at org.springframework.beans.factory.support.ConstructorResolver.instantiateUsingFactoryMethod(ConstructorResolver.java:372)
	at org.springframework.beans.factory.support.AbstractAutowireCapableBeanFactory.instantiateUsingFactoryMethod(AbstractAutowireCapableBeanFactory.java:1247)
	at org.springframework.beans.factory.support.AbstractAutowireCapableBeanFactory.createBeanInstance(AbstractAutowireCapableBeanFactory.java:1096)
	at org.springframework.beans.factory.support.AbstractAutowireCapableBeanFactory.doCreateBean(AbstractAutowireCapableBeanFactory.java:535)
	at org.springframework.beans.factory.support.AbstractAutowireCapableBeanFactory.createBean(AbstractAutowireCapableBeanFactory.java:495)
	at org.springframework.beans.factory.support.AbstractBeanFactory.lambda$doGetBean$0(AbstractBeanFactory.java:317)
	at org.springframework.beans.factory.support.DefaultSingletonBeanRegistry.getSingleton(DefaultSingletonBeanRegistry.java:222)
	at org.springframework.beans.factory.support.AbstractBeanFactory.doGetBean(AbstractBeanFactory.java:315)
	at org.springframework.beans.factory.support.AbstractBeanFactory.getBean(AbstractBeanFactory.java:199)
	at org.springframework.beans.factory.config.DependencyDescriptor.resolveCandidate(DependencyDescriptor.java:251)
	at org.springframework.beans.factory.support.DefaultListableBeanFactory.doResolveDependency(DefaultListableBeanFactory.java:1135)
	at org.springframework.beans.factory.support.DefaultListableBeanFactory.resolveDependency(DefaultListableBeanFactory.java:1062)
	at org.springframework.beans.factory.support.ConstructorResolver.resolveAutowiredArgument(ConstructorResolver.java:818)
	at org.springframework.beans.factory.support.ConstructorResolver.resolvePreparedArguments(ConstructorResolver.java:767)
	at org.springframework.beans.factory.support.ConstructorResolver.instantiateUsingFactoryMethod(ConstructorResolver.java:410)
	at org.springframework.beans.factory.support.AbstractAutowireCapableBeanFactory.instantiateUsingFactoryMethod(AbstractAutowireCapableBeanFactory.java:1247)
	at org.springframework.beans.factory.support.AbstractAutowireCapableBeanFactory.createBeanInstance(AbstractAutowireCapableBeanFactory.java:1096)
	at org.springframework.beans.factory.support.AbstractAutowireCapableBeanFactory.doCreateBean(AbstractAutowireCapableBeanFactory.java:535)
	at org.springframework.beans.factory.support.AbstractAutowireCapableBeanFactory.createBean(AbstractAutowireCapableBeanFactory.java:495)
	at org.springframework.beans.factory.support.AbstractBeanFactory.lambda$doGetBean$1(AbstractBeanFactory.java:353)
	at org.springframework.cloud.context.scope.GenericScope$BeanLifecycleWrapper.getBean(GenericScope.java:390)
	at org.springframework.cloud.context.scope.GenericScope.get(GenericScope.java:184)
	at org.springframework.beans.factory.support.AbstractBeanFactory.doGetBean(AbstractBeanFactory.java:350)
	at org.springframework.beans.factory.support.AbstractBeanFactory.getBean(AbstractBeanFactory.java:199)
	at org.springframework.aop.target.SimpleBeanTargetSource.getTarget(SimpleBeanTargetSource.java:35)
	at org.springframework.aop.framework.JdkDynamicAopProxy.invoke(JdkDynamicAopProxy.java:193)
	at com.sun.proxy.$Proxy211.getApplications(Unknown Source)
	at com.netflix.eureka.registry.PeerAwareInstanceRegistryImpl.updateRenewalThreshold(PeerAwareInstanceRegistryImpl.java:523)
	at com.netflix.eureka.registry.PeerAwareInstanceRegistryImpl.access$000(PeerAwareInstanceRegistryImpl.java:92)
	at com.netflix.eureka.registry.PeerAwareInstanceRegistryImpl$2.run(PeerAwareInstanceRegistryImpl.java:194)
	at java.util.TimerThread.mainLoop(Unknown Source)
	at java.util.TimerThread.run(Unknown Source)
Caused by: org.springframework.beans.factory.NoSuchBeanDefinitionException: No qualifying bean of type 'org.springframework.core.env.ConfigurableEnvironment' available: expected at least 1 bean which qualifies as autowire candidate. Dependency annotations: {}
	at org.springframework.beans.factory.support.DefaultListableBeanFactory.raiseNoMatchingBeanFound(DefaultListableBeanFactory.java:1506)
	at org.springframework.beans.factory.support.DefaultListableBeanFactory.doResolveDependency(DefaultListableBeanFactory.java:1101)
	at org.springframework.beans.factory.support.DefaultListableBeanFactory.resolveDependency(DefaultListableBeanFactory.java:1062)
	at org.springframework.beans.factory.support.ConstructorResolver.resolveAutowiredArgument(ConstructorResolver.java:818)
	at org.springframework.beans.factory.support.ConstructorResolver.resolvePreparedArguments(ConstructorResolver.java:767)
	at org.springframework.beans.factory.support.ConstructorResolver.autowireConstructor(ConstructorResolver.java:136)
	at org.springframework.beans.factory.support.AbstractAutowireCapableBeanFactory.autowireConstructor(AbstractAutowireCapableBeanFactory.java:1267)
	at org.springframework.beans.factory.support.AbstractAutowireCapableBeanFactory.createBeanInstance(AbstractAutowireCapableBeanFactory.java:1112)
	at org.springframework.beans.factory.support.AbstractAutowireCapableBeanFactory.doCreateBean(AbstractAutowireCapableBeanFactory.java:535)
	at org.springframework.beans.factory.support.AbstractAutowireCapableBeanFactory.createBean(AbstractAutowireCapableBeanFactory.java:495)
	... 36 common frames omitted

2019-02-15 17:43:42.842 ERROR [-,,,] 16644 --- [ReplicaAwareInstanceRegistry - RenewalThresholdUpdater] c.n.e.r.PeerAwareInstanceRegistryImpl    : Cannot update renewal threshold

org.springframework.beans.factory.BeanCreationException: Error creating bean with name 'org.springframework.cloud.netflix.eureka.EurekaClientAutoConfiguration': Unexpected exception during bean creation; nested exception is org.springframework.beans.factory.NoSuchBeanDefinitionException: No qualifying bean of type 'org.springframework.core.env.ConfigurableEnvironment' available: expected at least 1 bean which qualifies as autowire candidate. Dependency annotations: {}
	at org.springframework.beans.factory.support.AbstractAutowireCapableBeanFactory.createBean(AbstractAutowireCapableBeanFactory.java:508)
	at org.springframework.beans.factory.support.AbstractBeanFactory.lambda$doGetBean$0(AbstractBeanFactory.java:317)
	at org.springframework.beans.factory.support.DefaultSingletonBeanRegistry.getSingleton(DefaultSingletonBeanRegistry.java:222)
	at org.springframework.beans.factory.support.AbstractBeanFactory.doGetBean(AbstractBeanFactory.java:315)
	at org.springframework.beans.factory.support.AbstractBeanFactory.getBean(AbstractBeanFactory.java:199)
	at org.springframework.beans.factory.support.ConstructorResolver.instantiateUsingFactoryMethod(ConstructorResolver.java:372)
	at org.springframework.beans.factory.support.AbstractAutowireCapableBeanFactory.instantiateUsingFactoryMethod(AbstractAutowireCapableBeanFactory.java:1247)
	at org.springframework.beans.factory.support.AbstractAutowireCapableBeanFactory.createBeanInstance(AbstractAutowireCapableBeanFactory.java:1096)
	at org.springframework.beans.factory.support.AbstractAutowireCapableBeanFactory.doCreateBean(AbstractAutowireCapableBeanFactory.java:535)
	at org.springframework.beans.factory.support.AbstractAutowireCapableBeanFactory.createBean(AbstractAutowireCapableBeanFactory.java:495)
	at org.springframework.beans.factory.support.AbstractBeanFactory.lambda$doGetBean$0(AbstractBeanFactory.java:317)
	at org.springframework.beans.factory.support.DefaultSingletonBeanRegistry.getSingleton(DefaultSingletonBeanRegistry.java:222)
	at org.springframework.beans.factory.support.AbstractBeanFactory.doGetBean(AbstractBeanFactory.java:315)
	at org.springframework.beans.factory.support.AbstractBeanFactory.getBean(AbstractBeanFactory.java:199)
	at org.springframework.beans.factory.config.DependencyDescriptor.resolveCandidate(DependencyDescriptor.java:251)
	at org.springframework.beans.factory.support.DefaultListableBeanFactory.doResolveDependency(DefaultListableBeanFactory.java:1135)
	at org.springframework.beans.factory.support.DefaultListableBeanFactory.resolveDependency(DefaultListableBeanFactory.java:1062)
	at org.springframework.beans.factory.support.ConstructorResolver.resolveAutowiredArgument(ConstructorResolver.java:818)
	at org.springframework.beans.factory.support.ConstructorResolver.resolvePreparedArguments(ConstructorResolver.java:767)
	at org.springframework.beans.factory.support.ConstructorResolver.instantiateUsingFactoryMethod(ConstructorResolver.java:410)
	at org.springframework.beans.factory.support.AbstractAutowireCapableBeanFactory.instantiateUsingFactoryMethod(AbstractAutowireCapableBeanFactory.java:1247)
	at org.springframework.beans.factory.support.AbstractAutowireCapableBeanFactory.createBeanInstance(AbstractAutowireCapableBeanFactory.java:1096)
	at org.springframework.beans.factory.support.AbstractAutowireCapableBeanFactory.doCreateBean(AbstractAutowireCapableBeanFactory.java:535)
	at org.springframework.beans.factory.support.AbstractAutowireCapableBeanFactory.createBean(AbstractAutowireCapableBeanFactory.java:495)
	at org.springframework.beans.factory.support.AbstractBeanFactory.lambda$doGetBean$1(AbstractBeanFactory.java:353)
	at org.springframework.cloud.context.scope.GenericScope$BeanLifecycleWrapper.getBean(GenericScope.java:390)
	at org.springframework.cloud.context.scope.GenericScope.get(GenericScope.java:184)
	at org.springframework.beans.factory.support.AbstractBeanFactory.doGetBean(AbstractBeanFactory.java:350)
	at org.springframework.beans.factory.support.AbstractBeanFactory.getBean(AbstractBeanFactory.java:199)
	at org.springframework.aop.target.SimpleBeanTargetSource.getTarget(SimpleBeanTargetSource.java:35)
	at org.springframework.aop.framework.JdkDynamicAopProxy.invoke(JdkDynamicAopProxy.java:193)
	at com.sun.proxy.$Proxy216.getApplications(Unknown Source)
	at com.netflix.eureka.registry.PeerAwareInstanceRegistryImpl.updateRenewalThreshold(PeerAwareInstanceRegistryImpl.java:523)
	at com.netflix.eureka.registry.PeerAwareInstanceRegistryImpl.access$000(PeerAwareInstanceRegistryImpl.java:92)
	at com.netflix.eureka.registry.PeerAwareInstanceRegistryImpl$2.run(PeerAwareInstanceRegistryImpl.java:194)
	at java.util.TimerThread.mainLoop(Unknown Source)
	at java.util.TimerThread.run(Unknown Source)
Caused by: org.springframework.beans.factory.NoSuchBeanDefinitionException: No qualifying bean of type 'org.springframework.core.env.ConfigurableEnvironment' available: expected at least 1 bean which qualifies as autowire candidate. Dependency annotations: {}
	at org.springframework.beans.factory.support.DefaultListableBeanFactory.raiseNoMatchingBeanFound(DefaultListableBeanFactory.java:1506)
	at org.springframework.beans.factory.support.DefaultListableBeanFactory.doResolveDependency(DefaultListableBeanFactory.java:1101)
	at org.springframework.beans.factory.support.DefaultListableBeanFactory.resolveDependency(DefaultListableBeanFactory.java:1062)
	at org.springframework.beans.factory.support.ConstructorResolver.resolveAutowiredArgument(ConstructorResolver.java:818)
	at org.springframework.beans.factory.support.ConstructorResolver.resolvePreparedArguments(ConstructorResolver.java:767)
	at org.springframework.beans.factory.support.ConstructorResolver.autowireConstructor(ConstructorResolver.java:136)
	at org.springframework.beans.factory.support.AbstractAutowireCapableBeanFactory.autowireConstructor(AbstractAutowireCapableBeanFactory.java:1267)
	at org.springframework.beans.factory.support.AbstractAutowireCapableBeanFactory.createBeanInstance(AbstractAutowireCapableBeanFactory.java:1112)
	at org.springframework.beans.factory.support.AbstractAutowireCapableBeanFactory.doCreateBean(AbstractAutowireCapableBeanFactory.java:535)
	at org.springframework.beans.factory.support.AbstractAutowireCapableBeanFactory.createBean(AbstractAutowireCapableBeanFactory.java:495)
	... 36 common frames omitted

2019-02-15 17:43:48.058  INFO [-,,,] 16644 --- [Eureka-EvictionTimer] c.n.e.registry.AbstractInstanceRegistry  : Running the evict task with compensationTime 0ms
2019-02-15 17:44:07.477  INFO [-,512d30fd5820c382,512d30fd5820c382,false] 16644 --- [http-nio-8761-exec-6] c.n.e.registry.AbstractInstanceRegistry  : Cancelled instance HELLO-RIBBON-EUREKA-CLIENT/DESKTOP-KTOV11S:hello-ribbon-eureka-client:9090 (replication=false)
2019-02-15 17:44:07.483  WARN [-,39d3b16e22c084f8,39d3b16e22c084f8,false] 16644 --- [http-nio-8761-exec-1] c.n.e.registry.AbstractInstanceRegistry  : DS: Registry: lease doesn't exist, registering resource: HELLO-RIBBON-EUREKA-CLIENT - DESKTOP-KTOV11S:hello-ribbon-eureka-client:9090
2019-02-15 17:44:07.484  WARN [-,39d3b16e22c084f8,39d3b16e22c084f8,false] 16644 --- [http-nio-8761-exec-1] c.n.eureka.resources.InstanceResource    : Not Found (Renew): HELLO-RIBBON-EUREKA-CLIENT - DESKTOP-KTOV11S:hello-ribbon-eureka-client:9090
2019-02-15 17:44:07.485  WARN [-,,,] 16644 --- [TaskBatchingWorker-target_localhost-13] c.n.eureka.cluster.ReplicationTask       : The replication of task HELLO-RIBBON-EUREKA-CLIENT/DESKTOP-KTOV11S:hello-ribbon-eureka-client:9090:Heartbeat@localhost failed with response code 404
2019-02-15 17:44:07.485  WARN [-,,,] 16644 --- [TaskBatchingWorker-target_localhost-13] c.netflix.eureka.cluster.PeerEurekaNode  : HELLO-RIBBON-EUREKA-CLIENT/DESKTOP-KTOV11S:hello-ribbon-eureka-client:9090:Heartbeat@localhost: missing entry.
2019-02-15 17:44:07.486  WARN [-,,,] 16644 --- [TaskBatchingWorker-target_localhost-13] c.netflix.eureka.cluster.PeerEurekaNode  : HELLO-RIBBON-EUREKA-CLIENT/DESKTOP-KTOV11S:hello-ribbon-eureka-client:9090:Heartbeat@localhost: cannot find instance id DESKTOP-KTOV11S:hello-ribbon-eureka-client:9090 and hence replicating the instance with status UP
2019-02-15 17:44:07.487  INFO [-,445b867c462b9f0f,445b867c462b9f0f,true] 16644 --- [http-nio-8761-exec-7] c.n.e.registry.AbstractInstanceRegistry  : Registered instance HELLO-RIBBON-EUREKA-CLIENT/DESKTOP-KTOV11S:hello-ribbon-eureka-client:9090 with status UP (replication=false)
2019-02-15 17:44:07.989  INFO [-,d095a2ef925d68f0,d095a2ef925d68f0,false] 16644 --- [http-nio-8761-exec-8] c.n.e.registry.AbstractInstanceRegistry  : Cancelled instance HELLO-RIBBON-EUREKA-CLIENT/DESKTOP-KTOV11S:hello-ribbon-eureka-client:9090 (replication=true)
2019-02-15 17:44:07.989  INFO [-,d095a2ef925d68f0,d095a2ef925d68f0,false] 16644 --- [http-nio-8761-exec-8] c.n.e.registry.AbstractInstanceRegistry  : Registered instance HELLO-RIBBON-EUREKA-CLIENT/DESKTOP-KTOV11S:hello-ribbon-eureka-client:9090 with status UP (replication=true)
2019-02-15 17:44:13.506  INFO [-,b80da585cb47328d,b80da585cb47328d,false] 16644 --- [http-nio-8761-exec-2] c.n.e.registry.AbstractInstanceRegistry  : Registered instance HELLO-RIBBON-EUREKA-CLIENT/DESKTOP-KTOV11S:hello-ribbon-eureka-client:9090 with status UP (replication=false)
2019-02-15 17:44:14.020  INFO [-,110fa7cf1509121d,110fa7cf1509121d,false] 16644 --- [http-nio-8761-exec-3] c.n.e.registry.AbstractInstanceRegistry  : Registered instance HELLO-RIBBON-EUREKA-CLIENT/DESKTOP-KTOV11S:hello-ribbon-eureka-client:9090 with status UP (replication=true)
2019-02-15 17:44:48.058  INFO [-,,,] 16644 --- [Eureka-EvictionTimer] c.n.e.registry.AbstractInstanceRegistry  : Running the evict task with compensationTime 0ms
2019-02-15 17:45:05.090 ERROR [-,,,] 16644 --- [ReplicaAwareInstanceRegistry - RenewalThresholdUpdater] c.n.e.r.PeerAwareInstanceRegistryImpl    : Cannot update renewal threshold

org.springframework.beans.factory.BeanCreationException: Error creating bean with name 'org.springframework.cloud.netflix.eureka.EurekaClientAutoConfiguration': Unexpected exception during bean creation; nested exception is org.springframework.beans.factory.NoSuchBeanDefinitionException: No qualifying bean of type 'org.springframework.core.env.ConfigurableEnvironment' available: expected at least 1 bean which qualifies as autowire candidate. Dependency annotations: {}
	at org.springframework.beans.factory.support.AbstractAutowireCapableBeanFactory.createBean(AbstractAutowireCapableBeanFactory.java:508)
	at org.springframework.beans.factory.support.AbstractBeanFactory.lambda$doGetBean$0(AbstractBeanFactory.java:317)
	at org.springframework.beans.factory.support.DefaultSingletonBeanRegistry.getSingleton(DefaultSingletonBeanRegistry.java:222)
	at org.springframework.beans.factory.support.AbstractBeanFactory.doGetBean(AbstractBeanFactory.java:315)
	at org.springframework.beans.factory.support.AbstractBeanFactory.getBean(AbstractBeanFactory.java:199)
	at org.springframework.beans.factory.support.ConstructorResolver.instantiateUsingFactoryMethod(ConstructorResolver.java:372)
	at org.springframework.beans.factory.support.AbstractAutowireCapableBeanFactory.instantiateUsingFactoryMethod(AbstractAutowireCapableBeanFactory.java:1247)
	at org.springframework.beans.factory.support.AbstractAutowireCapableBeanFactory.createBeanInstance(AbstractAutowireCapableBeanFactory.java:1096)
	at org.springframework.beans.factory.support.AbstractAutowireCapableBeanFactory.doCreateBean(AbstractAutowireCapableBeanFactory.java:535)
	at org.springframework.beans.factory.support.AbstractAutowireCapableBeanFactory.createBean(AbstractAutowireCapableBeanFactory.java:495)
	at org.springframework.beans.factory.support.AbstractBeanFactory.lambda$doGetBean$0(AbstractBeanFactory.java:317)
	at org.springframework.beans.factory.support.DefaultSingletonBeanRegistry.getSingleton(DefaultSingletonBeanRegistry.java:222)
	at org.springframework.beans.factory.support.AbstractBeanFactory.doGetBean(AbstractBeanFactory.java:315)
	at org.springframework.beans.factory.support.AbstractBeanFactory.getBean(AbstractBeanFactory.java:199)
	at org.springframework.beans.factory.config.DependencyDescriptor.resolveCandidate(DependencyDescriptor.java:251)
	at org.springframework.beans.factory.support.DefaultListableBeanFactory.doResolveDependency(DefaultListableBeanFactory.java:1135)
	at org.springframework.beans.factory.support.DefaultListableBeanFactory.resolveDependency(DefaultListableBeanFactory.java:1062)
	at org.springframework.beans.factory.support.ConstructorResolver.resolveAutowiredArgument(ConstructorResolver.java:818)
	at org.springframework.beans.factory.support.ConstructorResolver.resolvePreparedArguments(ConstructorResolver.java:767)
	at org.springframework.beans.factory.support.ConstructorResolver.instantiateUsingFactoryMethod(ConstructorResolver.java:410)
	at org.springframework.beans.factory.support.AbstractAutowireCapableBeanFactory.instantiateUsingFactoryMethod(AbstractAutowireCapableBeanFactory.java:1247)
	at org.springframework.beans.factory.support.AbstractAutowireCapableBeanFactory.createBeanInstance(AbstractAutowireCapableBeanFactory.java:1096)
	at org.springframework.beans.factory.support.AbstractAutowireCapableBeanFactory.doCreateBean(AbstractAutowireCapableBeanFactory.java:535)
	at org.springframework.beans.factory.support.AbstractAutowireCapableBeanFactory.createBean(AbstractAutowireCapableBeanFactory.java:495)
	at org.springframework.beans.factory.support.AbstractBeanFactory.lambda$doGetBean$1(AbstractBeanFactory.java:353)
	at org.springframework.cloud.context.scope.GenericScope$BeanLifecycleWrapper.getBean(GenericScope.java:390)
	at org.springframework.cloud.context.scope.GenericScope.get(GenericScope.java:184)
	at org.springframework.beans.factory.support.AbstractBeanFactory.doGetBean(AbstractBeanFactory.java:350)
	at org.springframework.beans.factory.support.AbstractBeanFactory.getBean(AbstractBeanFactory.java:199)
	at org.springframework.aop.target.SimpleBeanTargetSource.getTarget(SimpleBeanTargetSource.java:35)
	at org.springframework.aop.framework.JdkDynamicAopProxy.invoke(JdkDynamicAopProxy.java:193)
	at com.sun.proxy.$Proxy221.getApplications(Unknown Source)
	at com.netflix.eureka.registry.PeerAwareInstanceRegistryImpl.updateRenewalThreshold(PeerAwareInstanceRegistryImpl.java:523)
	at com.netflix.eureka.registry.PeerAwareInstanceRegistryImpl.access$000(PeerAwareInstanceRegistryImpl.java:92)
	at com.netflix.eureka.registry.PeerAwareInstanceRegistryImpl$2.run(PeerAwareInstanceRegistryImpl.java:194)
	at java.util.TimerThread.mainLoop(Unknown Source)
	at java.util.TimerThread.run(Unknown Source)
Caused by: org.springframework.beans.factory.NoSuchBeanDefinitionException: No qualifying bean of type 'org.springframework.core.env.ConfigurableEnvironment' available: expected at least 1 bean which qualifies as autowire candidate. Dependency annotations: {}
	at org.springframework.beans.factory.support.DefaultListableBeanFactory.raiseNoMatchingBeanFound(DefaultListableBeanFactory.java:1506)
	at org.springframework.beans.factory.support.DefaultListableBeanFactory.doResolveDependency(DefaultListableBeanFactory.java:1101)
	at org.springframework.beans.factory.support.DefaultListableBeanFactory.resolveDependency(DefaultListableBeanFactory.java:1062)
	at org.springframework.beans.factory.support.ConstructorResolver.resolveAutowiredArgument(ConstructorResolver.java:818)
	at org.springframework.beans.factory.support.ConstructorResolver.resolvePreparedArguments(ConstructorResolver.java:767)
	at org.springframework.beans.factory.support.ConstructorResolver.autowireConstructor(ConstructorResolver.java:136)
	at org.springframework.beans.factory.support.AbstractAutowireCapableBeanFactory.autowireConstructor(AbstractAutowireCapableBeanFactory.java:1267)
	at org.springframework.beans.factory.support.AbstractAutowireCapableBeanFactory.createBeanInstance(AbstractAutowireCapableBeanFactory.java:1112)
	at org.springframework.beans.factory.support.AbstractAutowireCapableBeanFactory.doCreateBean(AbstractAutowireCapableBeanFactory.java:535)
	at org.springframework.beans.factory.support.AbstractAutowireCapableBeanFactory.createBean(AbstractAutowireCapableBeanFactory.java:495)
	... 36 common frames omitted

2019-02-15 17:45:48.058  INFO [-,,,] 16644 --- [Eureka-EvictionTimer] c.n.e.registry.AbstractInstanceRegistry  : Running the evict task with compensationTime 0ms
2019-02-15 17:46:47.969  INFO [-,,,] 16644 --- [ReplicaAwareInstanceRegistry - RenewalThresholdUpdater] o.s.c.n.eureka.InstanceInfoFactory       : Setting initial instance status as: STARTING
2019-02-15 17:46:47.969  INFO [-,,,] 16644 --- [ReplicaAwareInstanceRegistry - RenewalThresholdUpdater] com.netflix.discovery.DiscoveryClient    : Initializing Eureka in region us-east-1
2019-02-15 17:46:47.969  INFO [-,,,] 16644 --- [ReplicaAwareInstanceRegistry - RenewalThresholdUpdater] com.netflix.discovery.DiscoveryClient    : Client configured to neither register nor query for data.
2019-02-15 17:46:47.969  INFO [-,,,] 16644 --- [ReplicaAwareInstanceRegistry - RenewalThresholdUpdater] com.netflix.discovery.DiscoveryClient    : Discovery Client initialized at timestamp 1550249207969 with initial instances count: 0
2019-02-15 17:46:47.970  INFO [-,,,] 16644 --- [ReplicaAwareInstanceRegistry - RenewalThresholdUpdater] c.n.e.r.PeerAwareInstanceRegistryImpl    : Current renewal threshold is : 0
2019-02-15 17:46:48.058  INFO [-,,,] 16644 --- [Eureka-EvictionTimer] c.n.e.registry.AbstractInstanceRegistry  : Running the evict task with compensationTime 0ms
2019-02-15 17:47:08.961  INFO [-,64fcc81d30938355,64fcc81d30938355,false] 16644 --- [http-nio-8761-exec-2] c.n.e.registry.AbstractInstanceRegistry  : Cancelled instance HELLO-RIBBON-EUREKA-CLIENT/DESKTOP-KTOV11S:hello-ribbon-eureka-client:9090 (replication=false)
2019-02-15 17:47:09.440  WARN [-,1e01e227a633fd48,1e01e227a633fd48,false] 16644 --- [http-nio-8761-exec-4] c.n.e.registry.AbstractInstanceRegistry  : DS: Registry: lease doesn't exist, registering resource: HELLO-RIBBON-EUREKA-CLIENT - DESKTOP-KTOV11S:hello-ribbon-eureka-client:9090
2019-02-15 17:47:09.440  WARN [-,1e01e227a633fd48,1e01e227a633fd48,false] 16644 --- [http-nio-8761-exec-4] c.n.eureka.resources.InstanceResource    : Not Found (Renew): HELLO-RIBBON-EUREKA-CLIENT - DESKTOP-KTOV11S:hello-ribbon-eureka-client:9090
2019-02-15 17:47:09.441  WARN [-,1e01e227a633fd48,1e01e227a633fd48,false] 16644 --- [http-nio-8761-exec-4] c.n.e.registry.AbstractInstanceRegistry  : DS: Registry: cancel failed because Lease is not registered for: HELLO-RIBBON-EUREKA-CLIENT/DESKTOP-KTOV11S:hello-ribbon-eureka-client:9090
2019-02-15 17:47:09.441  INFO [-,1e01e227a633fd48,1e01e227a633fd48,false] 16644 --- [http-nio-8761-exec-4] c.n.eureka.resources.InstanceResource    : Not Found (Cancel): HELLO-RIBBON-EUREKA-CLIENT - DESKTOP-KTOV11S:hello-ribbon-eureka-client:9090
2019-02-15 17:47:09.442  WARN [-,,,] 16644 --- [TaskBatchingWorker-target_localhost-7] c.n.eureka.cluster.ReplicationTask       : The replication of task HELLO-RIBBON-EUREKA-CLIENT/DESKTOP-KTOV11S:hello-ribbon-eureka-client:9090:Heartbeat@localhost failed with response code 404
2019-02-15 17:47:09.442  WARN [-,,,] 16644 --- [TaskBatchingWorker-target_localhost-7] c.netflix.eureka.cluster.PeerEurekaNode  : HELLO-RIBBON-EUREKA-CLIENT/DESKTOP-KTOV11S:hello-ribbon-eureka-client:9090:Heartbeat@localhost: missing entry.
2019-02-15 17:47:09.442  WARN [-,,,] 16644 --- [TaskBatchingWorker-target_localhost-7] c.netflix.eureka.cluster.PeerEurekaNode  : HELLO-RIBBON-EUREKA-CLIENT/DESKTOP-KTOV11S:hello-ribbon-eureka-client:9090:Heartbeat@localhost: cannot find instance id DESKTOP-KTOV11S:hello-ribbon-eureka-client:9090 and hence replicating the instance with status UP
2019-02-15 17:47:09.442  WARN [-,,,] 16644 --- [TaskBatchingWorker-target_localhost-7] c.n.eureka.cluster.ReplicationTask       : The replication of task HELLO-RIBBON-EUREKA-CLIENT/DESKTOP-KTOV11S:hello-ribbon-eureka-client:9090:Cancel@localhost failed with response code 404
2019-02-15 17:47:09.442  WARN [-,,,] 16644 --- [TaskBatchingWorker-target_localhost-7] c.netflix.eureka.cluster.PeerEurekaNode  : HELLO-RIBBON-EUREKA-CLIENT/DESKTOP-KTOV11S:hello-ribbon-eureka-client:9090:Cancel@localhost: missing entry.
2019-02-15 17:47:09.965  INFO [-,55f02a97d5d5f662,55f02a97d5d5f662,true] 16644 --- [http-nio-8761-exec-3] c.n.e.registry.AbstractInstanceRegistry  : Registered instance HELLO-RIBBON-EUREKA-CLIENT/DESKTOP-KTOV11S:hello-ribbon-eureka-client:9090 with status UP (replication=true)
2019-02-15 17:47:16.397  INFO [-,5ed22fb4a0e44591,5ed22fb4a0e44591,true] 16644 --- [http-nio-8761-exec-6] c.n.e.registry.AbstractInstanceRegistry  : Registered instance HELLO-RIBBON-EUREKA-CLIENT/DESKTOP-KTOV11S:hello-ribbon-eureka-client:9090 with status UP (replication=false)
2019-02-15 17:47:16.902  INFO [-,bf314aa8a1e92dc9,bf314aa8a1e92dc9,false] 16644 --- [http-nio-8761-exec-1] c.n.e.registry.AbstractInstanceRegistry  : Registered instance HELLO-RIBBON-EUREKA-CLIENT/DESKTOP-KTOV11S:hello-ribbon-eureka-client:9090 with status UP (replication=true)
2019-02-15 17:47:48.059  INFO [-,,,] 16644 --- [Eureka-EvictionTimer] c.n.e.registry.AbstractInstanceRegistry  : Running the evict task with compensationTime 0ms
2019-02-15 17:48:48.060  INFO [-,,,] 16644 --- [Eureka-EvictionTimer] c.n.e.registry.AbstractInstanceRegistry  : Running the evict task with compensationTime 0ms
2019-02-15 17:49:01.424  INFO [-,05dbedc31fc28266,05dbedc31fc28266,false] 16644 --- [http-nio-8761-exec-10] c.n.e.registry.AbstractInstanceRegistry  : Cancelled instance HELLO-RIBBON-EUREKA-CLIENT/DESKTOP-KTOV11S:hello-ribbon-eureka-client:9090 (replication=false)
2019-02-15 17:49:01.430  INFO [-,b584b541e3b1b072,b584b541e3b1b072,true] 16644 --- [http-nio-8761-exec-10] c.n.e.registry.AbstractInstanceRegistry  : Registered instance HELLO-RIBBON-EUREKA-CLIENT/DESKTOP-KTOV11S:hello-ribbon-eureka-client:9090 with status UP (replication=false)
2019-02-15 17:49:01.574  INFO [-,fe6e94b9620a2e77,fe6e94b9620a2e77,false] 16644 --- [http-nio-8761-exec-3] c.n.e.registry.AbstractInstanceRegistry  : Cancelled instance HELLO-RIBBON-EUREKA-CLIENT/DESKTOP-KTOV11S:hello-ribbon-eureka-client:9090 (replication=true)
2019-02-15 17:49:01.575  INFO [-,fe6e94b9620a2e77,fe6e94b9620a2e77,false] 16644 --- [http-nio-8761-exec-3] c.n.e.registry.AbstractInstanceRegistry  : Registered instance HELLO-RIBBON-EUREKA-CLIENT/DESKTOP-KTOV11S:hello-ribbon-eureka-client:9090 with status UP (replication=true)
2019-02-15 17:49:01.580  WARN [-,,,] 16644 --- [TaskBatchingWorker-target_localhost-8] c.n.eureka.cluster.ReplicationTask       : The replication of task HELLO-RIBBON-EUREKA-CLIENT/DESKTOP-KTOV11S:hello-ribbon-eureka-client:9090:Heartbeat@localhost failed with response code 409
2019-02-15 17:49:01.580  WARN [-,,,] 16644 --- [TaskBatchingWorker-target_localhost-8] c.netflix.eureka.cluster.PeerEurekaNode  : Peer wants us to take the instance information from it, since the timestamp differs,Id : DESKTOP-KTOV11S:hello-ribbon-eureka-client:9090 My Timestamp : 1550249236385, Peer's timestamp: 1550249341424
2019-02-15 17:49:01.580  INFO [-,,,] 16644 --- [TaskBatchingWorker-target_localhost-8] c.n.e.registry.AbstractInstanceRegistry  : Registered instance HELLO-RIBBON-EUREKA-CLIENT/DESKTOP-KTOV11S:hello-ribbon-eureka-client:9090 with status UP (replication=true)
2019-02-15 17:49:08.547  INFO [-,5eec54a8c3ba0bc9,5eec54a8c3ba0bc9,false] 16644 --- [http-nio-8761-exec-6] c.n.e.registry.AbstractInstanceRegistry  : Registered instance HELLO-RIBBON-EUREKA-CLIENT/DESKTOP-KTOV11S:hello-ribbon-eureka-client:9090 with status UP (replication=false)
2019-02-15 17:49:09.052  INFO [-,7cead25075f77fa4,7cead25075f77fa4,false] 16644 --- [http-nio-8761-exec-1] c.n.e.registry.AbstractInstanceRegistry  : Registered instance HELLO-RIBBON-EUREKA-CLIENT/DESKTOP-KTOV11S:hello-ribbon-eureka-client:9090 with status UP (replication=true)
2019-02-15 17:49:18.228  INFO [-,175a8b17c6b5b286,175a8b17c6b5b286,false] 16644 --- [http-nio-8761-exec-6] c.n.e.registry.AbstractInstanceRegistry  : Cancelled instance HELLO-RIBBON-EUREKA-CLIENT/DESKTOP-KTOV11S:hello-ribbon-eureka-client:9090 (replication=false)
2019-02-15 17:49:18.852  WARN [-,ca1080e8bd9441b3,ca1080e8bd9441b3,false] 16644 --- [http-nio-8761-exec-9] c.n.e.registry.AbstractInstanceRegistry  : DS: Registry: cancel failed because Lease is not registered for: HELLO-RIBBON-EUREKA-CLIENT/DESKTOP-KTOV11S:hello-ribbon-eureka-client:9090
2019-02-15 17:49:18.853  INFO [-,ca1080e8bd9441b3,ca1080e8bd9441b3,false] 16644 --- [http-nio-8761-exec-9] c.n.eureka.resources.InstanceResource    : Not Found (Cancel): HELLO-RIBBON-EUREKA-CLIENT - DESKTOP-KTOV11S:hello-ribbon-eureka-client:9090
2019-02-15 17:49:18.854  WARN [-,,,] 16644 --- [TaskBatchingWorker-target_localhost-19] c.n.eureka.cluster.ReplicationTask       : The replication of task HELLO-RIBBON-EUREKA-CLIENT/DESKTOP-KTOV11S:hello-ribbon-eureka-client:9090:Cancel@localhost failed with response code 404
2019-02-15 17:49:18.855  WARN [-,,,] 16644 --- [TaskBatchingWorker-target_localhost-19] c.netflix.eureka.cluster.PeerEurekaNode  : HELLO-RIBBON-EUREKA-CLIENT/DESKTOP-KTOV11S:hello-ribbon-eureka-client:9090:Cancel@localhost: missing entry.
2019-02-15 17:49:24.822  INFO [-,544069efac3ef30c,544069efac3ef30c,true] 16644 --- [http-nio-8761-exec-8] c.n.e.registry.AbstractInstanceRegistry  : Registered instance HELLO-RIBBON-EUREKA-CLIENT/DESKTOP-KTOV11S:hello-ribbon-eureka-client:9090 with status UP (replication=false)
2019-02-15 17:49:24.901  INFO [-,cc21d618d86df1f5,cc21d618d86df1f5,false] 16644 --- [http-nio-8761-exec-2] c.n.e.registry.AbstractInstanceRegistry  : Cancelled instance HELLO-RIBBON-EUREKA-CLIENT/DESKTOP-KTOV11S:hello-ribbon-eureka-client:9090 (replication=false)
2019-02-15 17:49:25.332  INFO [-,9aa90783118cf85a,9aa90783118cf85a,false] 16644 --- [http-nio-8761-exec-10] c.n.e.registry.AbstractInstanceRegistry  : Registered instance HELLO-RIBBON-EUREKA-CLIENT/DESKTOP-KTOV11S:hello-ribbon-eureka-client:9090 with status UP (replication=true)
2019-02-15 17:49:25.334  INFO [-,9aa90783118cf85a,9aa90783118cf85a,false] 16644 --- [http-nio-8761-exec-10] c.n.e.registry.AbstractInstanceRegistry  : Cancelled instance HELLO-RIBBON-EUREKA-CLIENT/DESKTOP-KTOV11S:hello-ribbon-eureka-client:9090 (replication=true)
2019-02-15 17:49:26.363  INFO [-,,,] 16644 --- [RMI TCP Connection(71)-127.0.0.1] inMXBeanRegistrar$SpringApplicationAdmin : Application shutdown requested.
2019-02-15 17:49:26.363  INFO [-,,,] 16644 --- [RMI TCP Connection(71)-127.0.0.1] ConfigServletWebServerApplicationContext : Closing org.springframework.boot.web.servlet.context.AnnotationConfigServletWebServerApplicationContext@34227543: startup date [Fri Feb 15 17:37:41 CET 2019]; parent: org.springframework.context.annotation.AnnotationConfigApplicationContext@761a6a95
2019-02-15 17:49:26.365  INFO [-,,,] 16644 --- [RMI TCP Connection(71)-127.0.0.1] o.s.c.n.e.s.EurekaServiceRegistry        : Unregistering application hello-eureka-server with eureka with status DOWN
2019-02-15 17:49:26.369  INFO [-,,,] 16644 --- [RMI TCP Connection(71)-127.0.0.1] o.s.c.support.DefaultLifecycleProcessor  : Stopping beans in phase 0
2019-02-15 17:49:26.370  INFO [-,,,] 16644 --- [RMI TCP Connection(71)-127.0.0.1] c.n.eureka.DefaultEurekaServerContext    : Shutting down ...
2019-02-15 17:49:26.371  INFO [-,,,] 16644 --- [RMI TCP Connection(71)-127.0.0.1] c.n.eureka.DefaultEurekaServerContext    : Shut down
2019-02-15 17:49:26.376  INFO [-,,,] 16644 --- [RMI TCP Connection(71)-127.0.0.1] o.s.j.e.a.AnnotationMBeanExporter        : Unregistering JMX-exposed beans on shutdown
2019-02-15 17:49:26.376  INFO [-,,,] 16644 --- [RMI TCP Connection(71)-127.0.0.1] o.s.j.e.a.AnnotationMBeanExporter        : Unregistering JMX-exposed beans
2019-02-15 17:49:26.377  INFO [-,,,] 16644 --- [RMI TCP Connection(71)-127.0.0.1] j.LocalContainerEntityManagerFactoryBean : Closing JPA EntityManagerFactory for persistence unit 'default'
2019-02-15 17:49:27.381  WARN [-,,,] 16644 --- [RMI TCP Connection(71)-127.0.0.1] z.r.AsyncReporter$BoundedAsyncReporter   : Timed out waiting for in-flight spans to send
2019-02-15 17:49:27.382  INFO [-,,,] 16644 --- [RMI TCP Connection(71)-127.0.0.1] s.c.a.AnnotationConfigApplicationContext : Closing SpringClientFactory-localhost: startup date [Fri Feb 15 17:40:14 CET 2019]; parent: org.springframework.boot.web.servlet.context.AnnotationConfigServletWebServerApplicationContext@34227543
2019-02-15 17:49:27.384  WARN [-,,,] 16644 --- [RMI TCP Connection(71)-127.0.0.1] s.c.a.AnnotationConfigApplicationContext : Exception thrown from ApplicationListener handling ContextClosedEvent

org.springframework.beans.factory.BeanCreationNotAllowedException: Error creating bean with name 'eurekaAutoServiceRegistration': Singleton bean creation not allowed while singletons of this factory are in destruction (Do not request a bean from a BeanFactory in a destroy method implementation!)
	at org.springframework.beans.factory.support.DefaultSingletonBeanRegistry.getSingleton(DefaultSingletonBeanRegistry.java:208)
	at org.springframework.beans.factory.support.AbstractBeanFactory.doGetBean(AbstractBeanFactory.java:315)
	at org.springframework.beans.factory.support.AbstractBeanFactory.getBean(AbstractBeanFactory.java:199)
	at org.springframework.context.support.AbstractApplicationContext.getBean(AbstractApplicationContext.java:1089)
	at org.springframework.context.event.ApplicationListenerMethodAdapter.getTargetBean(ApplicationListenerMethodAdapter.java:288)
	at org.springframework.context.event.ApplicationListenerMethodAdapter.doInvoke(ApplicationListenerMethodAdapter.java:258)
	at org.springframework.context.event.ApplicationListenerMethodAdapter.processEvent(ApplicationListenerMethodAdapter.java:180)
	at org.springframework.context.event.ApplicationListenerMethodAdapter.onApplicationEvent(ApplicationListenerMethodAdapter.java:142)
	at org.springframework.context.event.SimpleApplicationEventMulticaster.doInvokeListener(SimpleApplicationEventMulticaster.java:172)
	at org.springframework.context.event.SimpleApplicationEventMulticaster.invokeListener(SimpleApplicationEventMulticaster.java:165)
	at org.springframework.context.event.SimpleApplicationEventMulticaster.multicastEvent(SimpleApplicationEventMulticaster.java:139)
	at org.springframework.context.support.AbstractApplicationContext.publishEvent(AbstractApplicationContext.java:400)
	at org.springframework.context.support.AbstractApplicationContext.publishEvent(AbstractApplicationContext.java:406)
	at org.springframework.context.support.AbstractApplicationContext.publishEvent(AbstractApplicationContext.java:354)
	at org.springframework.context.support.AbstractApplicationContext.doClose(AbstractApplicationContext.java:1000)
	at org.springframework.context.support.AbstractApplicationContext.close(AbstractApplicationContext.java:967)
	at org.springframework.cloud.context.named.NamedContextFactory.destroy(NamedContextFactory.java:76)
	at org.springframework.beans.factory.support.DisposableBeanAdapter.destroy(DisposableBeanAdapter.java:256)
	at org.springframework.beans.factory.support.DefaultSingletonBeanRegistry.destroyBean(DefaultSingletonBeanRegistry.java:571)
	at org.springframework.beans.factory.support.DefaultSingletonBeanRegistry.destroySingleton(DefaultSingletonBeanRegistry.java:543)
	at org.springframework.beans.factory.support.DefaultListableBeanFactory.destroySingleton(DefaultListableBeanFactory.java:954)
	at org.springframework.beans.factory.support.DefaultSingletonBeanRegistry.destroySingletons(DefaultSingletonBeanRegistry.java:504)
	at org.springframework.beans.factory.support.DefaultListableBeanFactory.destroySingletons(DefaultListableBeanFactory.java:961)
	at org.springframework.context.support.AbstractApplicationContext.destroyBeans(AbstractApplicationContext.java:1041)
	at org.springframework.context.support.AbstractApplicationContext.doClose(AbstractApplicationContext.java:1017)
	at org.springframework.context.support.AbstractApplicationContext.close(AbstractApplicationContext.java:967)
	at org.springframework.boot.admin.SpringApplicationAdminMXBeanRegistrar$SpringApplicationAdmin.shutdown(SpringApplicationAdminMXBeanRegistrar.java:133)
	at sun.reflect.NativeMethodAccessorImpl.invoke0(Native Method)
	at sun.reflect.NativeMethodAccessorImpl.invoke(Unknown Source)
	at sun.reflect.DelegatingMethodAccessorImpl.invoke(Unknown Source)
	at java.lang.reflect.Method.invoke(Unknown Source)
	at sun.reflect.misc.Trampoline.invoke(Unknown Source)
	at sun.reflect.GeneratedMethodAccessor166.invoke(Unknown Source)
	at sun.reflect.DelegatingMethodAccessorImpl.invoke(Unknown Source)
	at java.lang.reflect.Method.invoke(Unknown Source)
	at sun.reflect.misc.MethodUtil.invoke(Unknown Source)
	at com.sun.jmx.mbeanserver.ConvertingMethod.invokeWithOpenReturn(Unknown Source)
	at com.sun.jmx.mbeanserver.ConvertingMethod.invokeWithOpenReturn(Unknown Source)
	at com.sun.jmx.mbeanserver.MXBeanIntrospector.invokeM2(Unknown Source)
	at com.sun.jmx.mbeanserver.MXBeanIntrospector.invokeM2(Unknown Source)
	at com.sun.jmx.mbeanserver.MBeanIntrospector.invokeM(Unknown Source)
	at com.sun.jmx.mbeanserver.PerInterface.invoke(Unknown Source)
	at com.sun.jmx.mbeanserver.MBeanSupport.invoke(Unknown Source)
	at com.sun.jmx.interceptor.DefaultMBeanServerInterceptor.invoke(Unknown Source)
	at com.sun.jmx.mbeanserver.JmxMBeanServer.invoke(Unknown Source)
	at javax.management.remote.rmi.RMIConnectionImpl.doOperation(Unknown Source)
	at javax.management.remote.rmi.RMIConnectionImpl.access$300(Unknown Source)
	at javax.management.remote.rmi.RMIConnectionImpl$PrivilegedOperation.run(Unknown Source)
	at javax.management.remote.rmi.RMIConnectionImpl.doPrivilegedOperation(Unknown Source)
	at javax.management.remote.rmi.RMIConnectionImpl.invoke(Unknown Source)
	at sun.reflect.GeneratedMethodAccessor56.invoke(Unknown Source)
	at sun.reflect.DelegatingMethodAccessorImpl.invoke(Unknown Source)
	at java.lang.reflect.Method.invoke(Unknown Source)
	at sun.rmi.server.UnicastServerRef.dispatch(Unknown Source)
	at sun.rmi.transport.Transport$1.run(Unknown Source)
	at sun.rmi.transport.Transport$1.run(Unknown Source)
	at java.security.AccessController.doPrivileged(Native Method)
	at sun.rmi.transport.Transport.serviceCall(Unknown Source)
	at sun.rmi.transport.tcp.TCPTransport.handleMessages(Unknown Source)
	at sun.rmi.transport.tcp.TCPTransport$ConnectionHandler.run0(Unknown Source)
	at sun.rmi.transport.tcp.TCPTransport$ConnectionHandler.lambda$run$0(Unknown Source)
	at java.security.AccessController.doPrivileged(Native Method)
	at sun.rmi.transport.tcp.TCPTransport$ConnectionHandler.run(Unknown Source)
	at java.util.concurrent.ThreadPoolExecutor.runWorker(Unknown Source)
	at java.util.concurrent.ThreadPoolExecutor$Worker.run(Unknown Source)
	at java.lang.Thread.run(Unknown Source)

2019-02-15 17:49:27.387  INFO [-,,,] 16644 --- [RMI TCP Connection(71)-127.0.0.1] c.n.u.concurrent.ShutdownEnabledTimer    : Shutdown hook removed for: NFLoadBalancer-PingTimer-localhost
2019-02-15 17:49:27.396  INFO [-,,,] 16644 --- [RMI TCP Connection(71)-127.0.0.1] com.netflix.discovery.DiscoveryClient    : Shutting down DiscoveryClient ...
2019-02-15 17:49:27.396  INFO [-,,,] 16644 --- [RMI TCP Connection(71)-127.0.0.1] com.netflix.discovery.DiscoveryClient    : Completed shut down of DiscoveryClient
2019-02-15 17:49:27.396  INFO [-,,,] 16644 --- [RMI TCP Connection(71)-127.0.0.1] com.zaxxer.hikari.HikariDataSource       : HikariPool-9 - Shutdown initiated...
2019-02-15 17:49:27.420  INFO [-,,,] 16644 --- [RMI TCP Connection(71)-127.0.0.1] com.zaxxer.hikari.HikariDataSource       : HikariPool-9 - Shutdown completed.
2019-02-15 17:49:27.648  INFO [-,,,] 16644 --- [RMI TCP Connection(71)-127.0.0.1] o.apache.catalina.core.StandardService   : Stopping service [Tomcat]
2019-02-15 17:49:27.656  INFO [-,,,] 16644 --- [localhost-startStop-2] o.a.c.c.C.[Tomcat].[localhost].[/]       : Destroying Spring FrameworkServlet 'dispatcherServlet'
2019-02-15 17:49:27.665  WARN [-,,,] 16644 --- [localhost-startStop-2] o.a.c.loader.WebappClassLoaderBase       : The web application [ROOT] appears to have started a thread named [AsyncReporter{org.springframework.cloud.sleuth.zipkin2.sender.RestTemplateSender@1ecd4bc6}] but has failed to stop it. This is very likely to create a memory leak. Stack trace of thread:
 java.net.DualStackPlainSocketImpl.connect0(Native Method)
 java.net.DualStackPlainSocketImpl.socketConnect(Unknown Source)
 java.net.AbstractPlainSocketImpl.doConnect(Unknown Source)
 java.net.AbstractPlainSocketImpl.connectToAddress(Unknown Source)
 java.net.AbstractPlainSocketImpl.connect(Unknown Source)
 java.net.PlainSocketImpl.connect(Unknown Source)
 java.net.SocksSocketImpl.connect(Unknown Source)
 java.net.Socket.connect(Unknown Source)
 java.net.Socket.connect(Unknown Source)
 sun.net.NetworkClient.doConnect(Unknown Source)
 sun.net.www.http.HttpClient.openServer(Unknown Source)
 sun.net.www.http.HttpClient.openServer(Unknown Source)
 sun.net.www.http.HttpClient.<init>(Unknown Source)
 sun.net.www.http.HttpClient.New(Unknown Source)
 sun.net.www.http.HttpClient.New(Unknown Source)
 sun.net.www.protocol.http.HttpURLConnection.getNewHttpClient(Unknown Source)
 sun.net.www.protocol.http.HttpURLConnection.plainConnect0(Unknown Source)
 sun.net.www.protocol.http.HttpURLConnection.plainConnect(Unknown Source)
 sun.net.www.protocol.http.HttpURLConnection.connect(Unknown Source)
 org.springframework.http.client.SimpleBufferingClientHttpRequest.executeInternal(SimpleBufferingClientHttpRequest.java:76)
 org.springframework.http.client.AbstractBufferingClientHttpRequest.executeInternal(AbstractBufferingClientHttpRequest.java:48)
 org.springframework.http.client.AbstractClientHttpRequest.execute(AbstractClientHttpRequest.java:53)
 org.springframework.web.client.RestTemplate.doExecute(RestTemplate.java:687)
 org.springframework.cloud.sleuth.zipkin2.sender.ZipkinRestTemplateWrapper.doExecute(ZipkinRestTemplateSenderConfiguration.java:132)
 org.springframework.web.client.RestTemplate.exchange(RestTemplate.java:622)
 org.springframework.cloud.sleuth.zipkin2.sender.RestTemplateSender.post(RestTemplateSender.java:112)
 org.springframework.cloud.sleuth.zipkin2.sender.RestTemplateSender$HttpPostCall.doExecute(RestTemplateSender.java:123)
 org.springframework.cloud.sleuth.zipkin2.sender.RestTemplateSender$HttpPostCall.doExecute(RestTemplateSender.java:115)
 zipkin2.Call$Base.execute(Call.java:379)
 zipkin2.reporter.AsyncReporter$BoundedAsyncReporter.flush(AsyncReporter.java:286)
 zipkin2.reporter.AsyncReporter$Builder$1.run(AsyncReporter.java:190)
2019-02-15 17:49:27.666  WARN [-,,,] 16644 --- [localhost-startStop-2] o.a.c.loader.WebappClassLoaderBase       : The web application [ROOT] appears to have started a thread named [PollingServerListUpdater-0] but has failed to stop it. This is very likely to create a memory leak. Stack trace of thread:
 sun.misc.Unsafe.park(Native Method)
 java.util.concurrent.locks.LockSupport.parkNanos(Unknown Source)
 java.util.concurrent.locks.AbstractQueuedSynchronizer$ConditionObject.awaitNanos(Unknown Source)
 java.util.concurrent.ScheduledThreadPoolExecutor$DelayedWorkQueue.take(Unknown Source)
 java.util.concurrent.ScheduledThreadPoolExecutor$DelayedWorkQueue.take(Unknown Source)
 java.util.concurrent.ThreadPoolExecutor.getTask(Unknown Source)
 java.util.concurrent.ThreadPoolExecutor.runWorker(Unknown Source)
 java.util.concurrent.ThreadPoolExecutor$Worker.run(Unknown Source)
 java.lang.Thread.run(Unknown Source)
2019-02-15 17:49:27.667  WARN [-,,,] 16644 --- [localhost-startStop-2] o.a.c.loader.WebappClassLoaderBase       : The web application [ROOT] appears to have started a thread named [PollingServerListUpdater-1] but has failed to stop it. This is very likely to create a memory leak. Stack trace of thread:
 sun.misc.Unsafe.park(Native Method)
 java.util.concurrent.locks.LockSupport.park(Unknown Source)
 java.util.concurrent.locks.AbstractQueuedSynchronizer$ConditionObject.await(Unknown Source)
 java.util.concurrent.ScheduledThreadPoolExecutor$DelayedWorkQueue.take(Unknown Source)
 java.util.concurrent.ScheduledThreadPoolExecutor$DelayedWorkQueue.take(Unknown Source)
 java.util.concurrent.ThreadPoolExecutor.getTask(Unknown Source)
 java.util.concurrent.ThreadPoolExecutor.runWorker(Unknown Source)
 java.util.concurrent.ThreadPoolExecutor$Worker.run(Unknown Source)
 java.lang.Thread.run(Unknown Source)
2019-02-15 17:49:27.680  INFO [-,,,] 16644 --- [Thread-192] c.n.l.PollingServerListUpdater           : Shutting down the Executor Pool for PollingServerListUpdater
